<?xml version="1.0" encoding="UTF-8"?>
<testsuite xmlns:xsi="http://www.w3.org/2001/XMLSchema-instance" xsi:noNamespaceSchemaLocation="https://maven.apache.org/surefire/maven-surefire-plugin/xsd/surefire-test-report.xsd" name="com.boyu.farmsharing.service.impl.ImageServiceImplTest" time="0.078" tests="2" errors="0" skipped="0" failures="0">
  <properties>
[...]
</properties>
  <testcase name="ImageBase64Test" classname="com.boyu.farmsharing.service.impl.ImageServiceImplTest" time="0.058"/>
  <testcase name="ImageRandomTest" classname="com.boyu.farmsharing.service.impl.ImageServiceImplTest" time="0.004"/>
</testsuite>